<?xml version="1.0" encoding="UTF-8"?>
<testsuite name="ephraim.JLoggerTest" tests="1" skipped="0" failures="0" errors="0" timestamp="2020-06-21T02:07:36" hostname="Ephraim" time="0.065">
  <properties/>
  <testcase name="isWorking()" classname="ephraim.JLoggerTest" time="0.065"/>
  <system-out><![CDATA[]]></system-out>
  <system-err><![CDATA[]]></system-err>
</testsuite>
